<?xml version="1.0" encoding="UTF-8"?>
<!-- Generated by org.testng.reporters.JUnitReportReporter -->
<testsuite hostname="DESKTOP-5QPL10C" failures="0" tests="1" name="xpathExample1.BaseTest" time="5.171" errors="0" timestamp="2023-12-27T11:31:10 IST" skipped="0">
  <testcase classname="xpathExample1.BaseTest" name="teardown" time="5.171"/>
  <system-out/>
</testsuite> <!-- xpathExample1.BaseTest -->
