<?xml version="1.0" encoding="UTF-8"?>
<!-- Generated by org.testng.reporters.JUnitReportReporter -->
<testsuite hostname="DESKTOP-5QPL10C" failures="0" tests="1" name="selenium_jenkins_exercise2.LoginLogout" time="12.136" errors="0" timestamp="2023-12-27T12:31:10 IST" skipped="0">
  <testcase classname="selenium_jenkins_exercise2.LoginLogout" name="verifyLogin" time="12.136"/>
  <system-out/>
</testsuite> <!-- selenium_jenkins_exercise2.LoginLogout -->
